Flow report for project
Fri Mar 31 15:47:37 2017
Quartus Prime Version 16.0.0 Build 211 04/27/2016 SJ Lite Edition


---------------------
; Table of Contents ;
---------------------
  1. Legal Notice
  2. Flow Summary
  3. Flow Settings
  4. Flow Non-Default Global Settings
  5. Flow Elapsed Time
  6. Flow OS Summary
  7. Flow Log
  8. Flow Messages
  9. Flow Suppressed Messages



----------------
; Legal Notice ;
----------------
Copyright (C) 1991-2016 Altera Corporation. All rights reserved.
Your use of Altera Corporation's design tools, logic functions 
and other software and tools, and its AMPP partner logic 
functions, and any output files from any of the foregoing 
(including device programming or simulation files), and any 
associated documentation or information are expressly subject 
to the terms and conditions of the Altera Program License 
Subscription Agreement, the Altera Quartus Prime License Agreement,
the Altera MegaCore Function License Agreement, or other 
applicable license agreement, including, without limitation, 
that your use is for the sole purpose of programming logic 
devices manufactured by Altera and sold by Altera or its 
authorized distributors.  Please refer to the applicable 
agreement for further details.



+----------------------------------------------------------------------------------+
; Flow Summary                                                                     ;
+------------------------------------+---------------------------------------------+
; Flow Status                        ; Successful - Fri Mar 31 15:47:37 2017       ;
; Quartus Prime Version              ; 16.0.0 Build 211 04/27/2016 SJ Lite Edition ;
; Revision Name                      ; project                                     ;
; Top-level Entity Name              ; project                                     ;
; Family                             ; Cyclone IV E                                ;
; Device                             ; EP4CE115F29C7                               ;
; Timing Models                      ; Final                                       ;
; Total logic elements               ; 565 / 114,480 ( < 1 % )                     ;
;     Total combinational functions  ; 534 / 114,480 ( < 1 % )                     ;
;     Dedicated logic registers      ; 193 / 114,480 ( < 1 % )                     ;
; Total registers                    ; 223                                         ;
; Total pins                         ; 84 / 529 ( 16 % )                           ;
; Total virtual pins                 ; 0                                           ;
; Total memory bits                  ; 57,600 / 3,981,312 ( 1 % )                  ;
; Embedded Multiplier 9-bit elements ; 0 / 532 ( 0 % )                             ;
; Total PLLs                         ; 1 / 4 ( 25 % )                              ;
+------------------------------------+---------------------------------------------+


+-----------------------------------------+
; Flow Settings                           ;
+-------------------+---------------------+
; Option            ; Setting             ;
+-------------------+---------------------+
; Start date & time ; 03/31/2017 15:47:01 ;
; Main task         ; Compilation         ;
; Revision Name     ; project             ;
+-------------------+---------------------+


+----------------------------------------------------------------------------------------------------------------+
; Flow Non-Default Global Settings                                                                               ;
+-------------------------------------+---------------------------+---------------+-------------+----------------+
; Assignment Name                     ; Value                     ; Default Value ; Entity Name ; Section Id     ;
+-------------------------------------+---------------------------+---------------+-------------+----------------+
; COMPILER_SIGNATURE_ID               ; 0.149098962116308         ; --            ; --          ; --             ;
; EDA_OUTPUT_DATA_FORMAT              ; Verilog Hdl               ; --            ; --          ; eda_simulation ;
; EDA_SIMULATION_TOOL                 ; ModelSim-Altera (Verilog) ; <None>        ; --          ; --             ;
; EDA_TIME_SCALE                      ; 1 ps                      ; --            ; --          ; eda_simulation ;
; MAX_CORE_JUNCTION_TEMP              ; 85                        ; --            ; --          ; --             ;
; MIN_CORE_JUNCTION_TEMP              ; 0                         ; --            ; --          ; --             ;
; PARTITION_COLOR                     ; 16764057                  ; --            ; --          ; Top            ;
; PARTITION_FITTER_PRESERVATION_LEVEL ; PLACEMENT_AND_ROUTING     ; --            ; --          ; Top            ;
; PARTITION_NETLIST_TYPE              ; SOURCE                    ; --            ; --          ; Top            ;
; PROJECT_OUTPUT_DIRECTORY            ; output_files              ; --            ; --          ; --             ;
+-------------------------------------+---------------------------+---------------+-------------+----------------+


+-------------------------------------------------------------------------------------------------------------------------------+
; Flow Elapsed Time                                                                                                             ;
+---------------------------+--------------+-------------------------+---------------------+------------------------------------+
; Module Name               ; Elapsed Time ; Average Processors Used ; Peak Virtual Memory ; Total CPU Time (on all processors) ;
+---------------------------+--------------+-------------------------+---------------------+------------------------------------+
; Analysis & Synthesis      ; 00:00:10     ; 1.0                     ; 1249 MB             ; 00:00:21                           ;
; Fitter                    ; 00:00:16     ; 1.0                     ; 1578 MB             ; 00:00:17                           ;
; Assembler                 ; 00:00:03     ; 1.0                     ; 1084 MB             ; 00:00:03                           ;
; TimeQuest Timing Analyzer ; 00:00:03     ; 1.0                     ; 1167 MB             ; 00:00:02                           ;
; EDA Netlist Writer        ; 00:00:02     ; 1.0                     ; 1336 MB             ; 00:00:01                           ;
; Total                     ; 00:00:34     ; --                      ; --                  ; 00:00:44                           ;
+---------------------------+--------------+-------------------------+---------------------+------------------------------------+


+-------------------------------------------------------------------------------------------+
; Flow OS Summary                                                                           ;
+---------------------------+------------------+--------------+------------+----------------+
; Module Name               ; Machine Hostname ; OS Name      ; OS Version ; Processor type ;
+---------------------------+------------------+--------------+------------+----------------+
; Analysis & Synthesis      ; IITS-I402-19     ; Ubuntu 16.04 ; 16         ; x86_64         ;
; Fitter                    ; IITS-I402-19     ; Ubuntu 16.04 ; 16         ; x86_64         ;
; Assembler                 ; IITS-I402-19     ; Ubuntu 16.04 ; 16         ; x86_64         ;
; TimeQuest Timing Analyzer ; IITS-I402-19     ; Ubuntu 16.04 ; 16         ; x86_64         ;
; EDA Netlist Writer        ; IITS-I402-19     ; Ubuntu 16.04 ; 16         ; x86_64         ;
+---------------------------+------------------+--------------+------------+----------------+


------------
; Flow Log ;
------------
quartus_map --read_settings_files=on --write_settings_files=off project -c project
quartus_fit --read_settings_files=off --write_settings_files=off project -c project
quartus_asm --read_settings_files=off --write_settings_files=off project -c project
quartus_sta project -c project
quartus_eda --read_settings_files=off --write_settings_files=off project -c project



